9734.120222.094039.0001.wav "CEB_Iso_Airlines.txt" "Diosdado Macapagal International Airport"
9734.120222.094039.0005.wav "CEB_Iso_Airlines.txt" "Cotabato Airport"
9734.120222.094039.0006.wav "CEB_Iso_Airlines.txt" "Roxas Airport"
9734.120222.094039.0008.wav "CEB_Iso_Airlines.txt" "Diosdado Macapagal International Airport"
9734.120222.094039.0012.wav "CEB_Iso_Airlines.txt" "Cotabato Airport"
9734.120222.094039.0013.wav "CEB_Iso_Airlines.txt" "General Santos International Airport"
9734.120222.094039.0014.wav "CEB_Iso_Airlines.txt" "Naga Airport"
9734.120222.094039.0015.wav "CEB_Iso_Airlines.txt" "Ninoy Aquino International Airport"
9734.120222.094039.0017.wav "CEB_Iso_Airlines.txt" "Manila International Airport"
9734.120222.094039.0018.wav "CEB_Iso_Airlines.txt" "Iloilo International Airport"
9734.120222.094039.0019.wav "CEB_Iso_Airlines.txt" "Dumaguete Airport"
9734.120222.094039.0020.wav "CEB_Iso_Airlines.txt" "Bancasi Airport"
9734.120222.094039.0021.wav "CEB_Iso_Airlines.txt" "Tambler International Airport"
9734.120222.094039.0022.wav "CEB_Iso_Airlines.txt" "Tambler International Airport"
9734.120222.094039.0026.wav "CEB_Iso_BodyParts.txt" "panánsíngsing"
9734.120222.094039.0027.wav "CEB_Iso_BodyParts.txt" "tikúd"
9734.120222.094039.0028.wav "CEB_Iso_BodyParts.txt" "ígut-ígut"
9734.120222.094039.0030.wav "CEB_Iso_BodyParts.txt" "tábon-tábon"
9734.120222.094039.0031.wav "CEB_Iso_BodyParts.txt" "bagúl-bágol"
9734.120222.094039.0032.wav "CEB_Iso_BodyParts.txt" "lutálutá"
9734.120222.094039.0033.wav "CEB_Iso_BodyParts.txt" "kíbut"
9734.120222.094039.0034.wav "CEB_Iso_BodyParts.txt" "suwáng"
9734.120222.094039.0035.wav "CEB_Iso_BodyParts.txt" "búngot"
9734.120222.094039.0036.wav "CEB_Iso_BodyParts.txt" "útin"
9734.120222.094039.0037.wav "CEB_Iso_BodyParts.txt" "áping"
9734.120222.094039.0038.wav "CEB_Iso_BodyParts.txt" "lutálutáhan"
9734.120222.094039.0039.wav "CEB_Iso_BodyParts.txt" "útin"
9734.120222.094039.0040.wav "CEB_Iso_BodyParts.txt" "dapî-dápì"
9734.120222.094039.0041.wav "CEB_Iso_BodyParts.txt" "lapálapá"
9734.120222.094039.0042.wav "CEB_Iso_BodyParts.txt" "pálad"
9734.120222.094039.0043.wav "CEB_Iso_BodyParts.txt" "ugát"
9734.120222.094039.0044.wav "CEB_Iso_BodyParts.txt" "ngábil		"
9734.120222.094039.0046.wav "CEB_Iso_BodyParts.txt" "panánsíngsing"
9734.120222.094039.0047.wav "CEB_Iso_BodyParts.txt" "gúsok"
9734.120222.094039.0049.wav "CEB_Iso_BodyParts.txt" "kumíngking"
9734.120222.094039.0050.wav "CEB_Iso_BodyParts.txt" "batíis"
9734.120222.094039.0052.wav "CEB_Iso_BodyParts.txt" "kúmà"
9734.120222.094039.0053.wav "CEB_Iso_Cities.txt" "Roxas"
9734.120222.094039.0054.wav "CEB_Iso_Cities.txt" "Las Piñas"
9734.120222.094039.0055.wav "CEB_Iso_Cities.txt" "Naga"
9734.120222.094039.0056.wav "CEB_Iso_Cities.txt" "Muntinlupa"
9734.120222.094039.0057.wav "CEB_Iso_Cities.txt" "Davao"
9734.120222.094039.0058.wav "CEB_Iso_Cities.txt" "Ilagan"
9734.120222.094039.0059.wav "CEB_Iso_Cities.txt" "Binondo"
9734.120222.094039.0060.wav "CEB_Iso_Cities.txt" "Ilagan"
9734.120222.094039.0061.wav "CEB_Iso_Cities.txt" "Novaliches"
9734.120222.094039.0063.wav "CEB_Iso_Cities.txt" "Lamitan"
9734.120222.094039.0064.wav "CEB_Iso_Cities.txt" "Marikina"
9734.120222.094039.0065.wav "CEB_Iso_Cities.txt" "Pampanga"
9734.120222.094039.0066.wav "CEB_Iso_Cities.txt" "Baybay"
9734.120222.094039.0067.wav "CEB_Iso_Cities.txt" "San Juan"
9734.120222.094039.0068.wav "CEB_Iso_Cities.txt" "Caloocan"
9734.120222.094039.0069.wav "CEB_Iso_Cities.txt" "Ilagan"
9734.120222.094039.0070.wav "CEB_Iso_Cities.txt" "Pasig"
9734.120222.094039.0071.wav "CEB_Iso_ColorsPronouns.txt" "dínhi"
9734.120222.094039.0072.wav "CEB_Iso_ColorsPronouns.txt" "sáma niíni"
9734.120222.094039.0073.wav "CEB_Iso_ColorsPronouns.txt" "akó"
9734.120222.094039.0075.wav "CEB_Iso_ColorsPronouns.txt" "itúm"
9734.120222.094039.0076.wav "CEB_Iso_ColorsPronouns.txt" "dirí"
9734.120222.094039.0077.wav "CEB_Iso_ColorsPronouns.txt" "ngádto"
9734.120222.094039.0078.wav "CEB_Iso_ColorsPronouns.txt" "kaniáto"
9734.120222.094039.0079.wav "CEB_Iso_ColorsPronouns.txt" "putî"
9734.120222.094039.0080.wav "CEB_Iso_ColorsPronouns.txt" "dídto"
9734.120222.094039.0081.wav "CEB_Iso_ColorsPronouns.txt" "dínhà"
9734.120222.094039.0082.wav "CEB_Iso_ColorsPronouns.txt" "lúnhaw"
9734.120222.094039.0083.wav "CEB_Iso_ColorsPronouns.txt" "asúl"
9734.120222.094039.0084.wav "CEB_Iso_ColorsPronouns.txt" "kamí"
9734.120222.094039.0086.wav "CEB_Iso_ColorsPronouns.txt" "m"
9734.120222.094039.0087.wav "CEB_Iso_Companies.txt" "Aboitiz Power"
9734.120222.094039.0088.wav "CEB_Iso_Companies.txt" "Urban Bank"
9734.120222.094039.0089.wav "CEB_Iso_Companies.txt" "SM Investments"
9734.120222.094039.0090.wav "CEB_Iso_Companies.txt" "Universal Robina"
9734.120222.094039.0091.wav "CEB_Iso_Companies.txt" "Universal Robina"
9734.120222.094039.0092.wav "CEB_Iso_Companies.txt" "International Container Terminal Services Inc."
9734.120222.094039.0093.wav "CEB_Iso_Companies.txt" "Philippine Airlines"
9734.120222.094039.0094.wav "CEB_Iso_Companies.txt" "Union Bank of the Philippines"
9734.120222.094039.0095.wav "CEB_Iso_Companies.txt" "Alliance Global"
9734.120222.094039.0097.wav "CEB_Iso_Companies.txt" "Far Eastern University"
9734.120222.094039.0098.wav "CEB_Iso_Companies.txt" "Philippine National Bank"
9734.120222.094039.0103.wav "CEB_Iso_Companies.txt" "Philippine Stock Exchange"
9734.120222.094039.0104.wav "CEB_Iso_Companies.txt" "Megaworld Corporation"
9734.120222.094039.0105.wav "CEB_Iso_Companies.txt" "Banco de Oro"
9734.120222.094039.0106.wav "CEB_Iso_Companies.txt" "Philippine Long Distance Telephone Company"
9734.120222.094039.0107.wav "CEB_Iso_Companies.txt" "ABSCBN Corporation"
9734.120222.094039.0108.wav "CEB_Iso_Companies.txt" "Ayala Land"
9734.120222.094039.0110.wav "CEB_Iso_Companies.txt" "Centro Escolar University"
9734.120222.094039.0111.wav "CEB_Iso_Companies.txt" "PSE All Shares Index"
9734.120222.094039.0112.wav "CEB_Iso_Companies.txt" "Philtrust Bank"
9734.120222.094039.0113.wav "CEB_Iso_Companies.txt" "Philippine Long Distance Telephone Company"
9734.120222.094039.0114.wav "CEB_Iso_Cuisine.txt" "Pansít"
9734.120222.094039.0115.wav "CEB_Iso_Cuisine.txt" "Tóyò"
9734.120222.094039.0119.wav "CEB_Iso_Cuisine.txt" "Gipabukálan"
9734.120222.094039.0120.wav "CEB_Iso_Cuisine.txt" "Kalderéta"
9734.120222.094039.0121.wav "CEB_Iso_Cuisine.txt" "Keséyo nga Putî"
9734.120222.094039.0122.wav "CEB_Iso_Cuisine.txt" "Buwád Dánggit"
9734.120222.094039.0123.wav "CEB_Iso_Cuisine.txt" "Halabos"
9734.120222.094039.0124.wav "CEB_Iso_Cuisine.txt" "Pinalág-tob"
9734.120222.094039.0125.wav "CEB_Iso_Cuisine.txt" "Tórta"
9734.120222.094039.0126.wav "CEB_Iso_Cuisine.txt" "Halabos"
9734.120222.094039.0127.wav "CEB_Iso_Cuisine.txt" "Halabos"
9734.120222.094039.0128.wav "CEB_Iso_Cuisine.txt" "Tinapá"
9734.120222.094039.0129.wav "CEB_Iso_Cuisine.txt" "Kamátis"
9734.120222.094039.0130.wav "CEB_Iso_Cuisine.txt" "Patís"
9734.120222.094039.0131.wav "CEB_Iso_Cuisine.txt" "Pandesál"
9734.120222.094039.0132.wav "CEB_Iso_Cuisine.txt" "sampurádo"
9734.120222.094039.0133.wav "CEB_Iso_Cuisine.txt" "Buwád Dánggit"
9734.120222.094039.0134.wav "CEB_Iso_Cuisine.txt" "Tápsilóg"
9734.120222.094039.0135.wav "CEB_Iso_Cuisine.txt" "Karé-karé"
9734.120222.094039.0136.wav "CEB_Iso_Cuisine.txt" "Gibulád"
9734.120222.094039.0137.wav "CEB_Iso_Cuisine.txt" "Buwád Dánggit"
9734.120222.094039.0138.wav "CEB_Iso_Cuisine.txt" "Halíya"
9734.120222.094039.0139.wav "CEB_Iso_Cuisine.txt" "Kamátis"
9734.120222.094039.0140.wav "CEB_Iso_Cuisine.txt" "Bíko"
9734.120222.094039.0141.wav "CEB_Iso_Cuisine.txt" "Karé-karé"
9734.120222.094039.0142.wav "CEB_Iso_Cuisine.txt" "Súkà"
9734.120222.094039.0144.wav "CEB_Iso_Cuisine.txt" "Hinipunán"
9734.120222.094039.0145.wav "CEB_Iso_Hotels.txt" "Shangri-La's Mactan Resort & Spa"
9734.120222.094039.0146.wav "CEB_Iso_Hotels.txt" "Hilton Cebu Resort & Spa"
9734.120222.094039.0147.wav "CEB_Iso_Hotels.txt" "The Heritage Hotel"
9734.120222.094039.0148.wav "CEB_Iso_Hotels.txt" "Fraser Place"
9734.120222.094039.0149.wav "CEB_Iso_Hotels.txt" "Atrium Hotel"
9734.120222.094039.0150.wav "CEB_Iso_Hotels.txt" "Crown Regency Hotel & Towers"
9734.120222.094039.0151.wav "CEB_Iso_Hotels.txt" "G Hotel"
9734.120222.094039.0152.wav "CEB_Iso_Hotels.txt" "Millennium Plaza Serviced Residences"
9734.120222.094039.0154.wav "CEB_Iso_Hotels.txt" "Dive Link Resort"
9734.120222.094039.0156.wav "CEB_Iso_Hotels.txt" "Le Soleil De Boracay Hotel"
9734.120222.094039.0157.wav "CEB_Iso_Hotels.txt" "Oxford Suites Makati"
9734.120222.094039.0158.wav "CEB_Iso_Hotels.txt" "Linden Suites Hotel"
9734.120222.094039.0159.wav "CEB_Iso_Hotels.txt" "Ascott Makati Serviced Residence"
9734.120222.094039.0160.wav "CEB_Iso_Hotels.txt" "Lancaster Hotel"
9734.120222.094039.0161.wav "CEB_Iso_Hotels.txt" "Dusit Thani Hotel"
9734.120222.094039.0162.wav "CEB_Iso_Hotels.txt" "Crown Regency Hotel"
9734.120222.094039.0163.wav "CEB_Iso_Hotels.txt" "Dulcinea Hotel & Suites"
9734.120222.094039.0164.wav "CEB_Iso_Kinship.txt" "binaláye"
9734.120222.094039.0165.wav "CEB_Iso_Kinship.txt" "bána"
9734.120222.094039.0166.wav "CEB_Iso_Kinship.txt" "kaayúnay"
9734.120222.094039.0167.wav "CEB_Iso_Kinship.txt" "mánang"
9734.120222.094039.0168.wav "CEB_Iso_Kinship.txt" "ugángan"
9734.120222.094039.0169.wav "CEB_Iso_Kinship.txt" "binaláye"
9734.120222.094039.0170.wav "CEB_Iso_Kinship.txt" "bána"
9734.120222.094039.0171.wav "CEB_Iso_Kinship.txt" "pag-umángkon"
9734.120222.094039.0172.wav "CEB_Iso_Kinship.txt" "kagikánan"
9734.120222.094039.0173.wav "CEB_Iso_Kinship.txt" "kinúgos"
9734.120222.094039.0174.wav "CEB_Iso_Kinship.txt" "manínoy"
9734.120222.094039.0175.wav "CEB_Iso_Kinship.txt" "minahál"
9734.120222.094039.0176.wav "CEB_Iso_Kinship.txt" "kabánay"
9734.120222.094039.0177.wav "CEB_Iso_Kinship.txt" "amahán"
9734.120222.094039.0178.wav "CEB_Iso_Kinship.txt" "kagikánan"
9734.120222.094039.0179.wav "CEB_Iso_Kinship.txt" "báyaw"
9734.120222.094039.0180.wav "CEB_Iso_Kinship.txt" "manínay"
9734.120222.094039.0182.wav "CEB_Iso_Landmarks.txt" "University of the Philippines"
9734.120222.094039.0183.wav "CEB_Iso_Landmarks.txt" "UP Diliman"
9734.120222.094039.0184.wav "CEB_Iso_Landmarks.txt" "Isla ng Apo"
9734.120222.094039.0185.wav "CEB_Iso_Landmarks.txt" "Sagada"
9734.120222.094039.0186.wav "CEB_Iso_Landmarks.txt" "Anilao Dive spots"
9734.120222.094039.0187.wav "CEB_Iso_Landmarks.txt" "Boracay"
9734.120222.094039.0188.wav "CEB_Iso_Landmarks.txt" "Pagudpud"
9734.120222.094039.0189.wav "CEB_Iso_Landmarks.txt" "Rizal Shrine"
9734.120222.094039.0190.wav "CEB_Iso_Landmarks.txt" "Fort Bonifacio"
9734.120222.094039.0191.wav "CEB_Iso_Landmarks.txt" "Subterranean River"
9734.120222.094039.0192.wav "CEB_Iso_Landmarks.txt" "Simbahan ng San Sebastian"
9734.120222.094039.0193.wav "CEB_Iso_Landmarks.txt" "Underground River"
9734.120222.094039.0196.wav "CEB_Iso_Landmarks.txt" "Camp John Hay"
9734.120222.094039.0197.wav "CEB_Iso_Landmarks.txt" "Puerto Princesa"
9734.120222.094039.0199.wav "CEB_Iso_Landmarks.txt" "Heritage City of Vigan"
9734.120222.094039.0200.wav "CEB_Iso_Landmarks.txt" "Boracay"
9734.120222.094039.0201.wav "CEB_Iso_Landmarks.txt" "Bundok Apo"
9734.120222.094039.0202.wav "CEB_Iso_Landmarks.txt" "Subterranean River"
9734.120222.094039.0205.wav "CEB_Iso_MinPairs_v3.txt" " tungód (because) . ---  tungód (near) "
9734.120222.094039.0206.wav "CEB_Iso_MinPairs_v3.txt" " bahín (share) . ---  bahin (part) "
9734.120222.094039.0208.wav "CEB_Iso_MinPairs_v3.txt" " bagà (lungs) . ---  bagâ (thick) "
9734.120222.094039.0209.wav "CEB_Iso_MinPairs_v3.txt" " butang (thing) . ---  butang (put / to put) "
9734.120222.094039.0210.wav "CEB_Iso_MinPairs_v3.txt" " agi (handwriting) . ---  agi (pass by) "
9734.120222.094039.0211.wav "CEB_Iso_MinPairs_v3.txt" " pulong (word) . ---  pulong (meeting) "
9734.120222.094039.0212.wav "CEB_Iso_MinPairs_v3.txt" " adlaw (sun) . ---  adlaw (birthday) "
9734.120222.094039.0213.wav "CEB_Iso_MinPairs_v3.txt" " taas (upstairs) . ---  taás (tall) "
9734.120222.094039.0214.wav "CEB_Iso_MinPairs_v3.txt" " bagà (lungs) . ---  bagâ (thick) "
9734.120222.094039.0215.wav "CEB_Iso_MinPairs_v3.txt" " igò (enough) . ---  igô (hit) "
9734.120222.094039.0217.wav "CEB_Iso_MinPairs_v3.txt" " daót (thin) . ---  daot (destroy) "
9734.120222.094039.0218.wav "CEB_Iso_MinPairs_v3.txt" " liso (seed) . ---  lisò (turn) "
9734.120222.094039.0219.wav "CEB_Iso_MinPairs_v3.txt" " wala (left hand) . ---  walâ (none) "
9734.120222.094039.0220.wav "CEB_Iso_MinPairs_v3.txt" " adlaw (sun) . ---  adlaw (birthday) "
9734.120222.094039.0221.wav "CEB_Iso_NamesFem.txt" "Michelle"
9734.120222.094039.0222.wav "CEB_Iso_NamesFem.txt" "Janice"
9734.120222.094039.0223.wav "CEB_Iso_NamesFem.txt" "Elizabeth"
9734.120222.094039.0224.wav "CEB_Iso_NamesFem.txt" "Elizabeth"
9734.120222.094039.0225.wav "CEB_Iso_NamesFem.txt" "Erine"
9734.120222.094039.0226.wav "CEB_Iso_NamesFem.txt" "Elizabeth"
9734.120222.094039.0227.wav "CEB_Iso_NamesFem.txt" "Mary Ann"
9734.120222.094039.0228.wav "CEB_Iso_NamesFem.txt" "Stella"
9734.120222.094039.0229.wav "CEB_Iso_NamesFem.txt" "April"
9734.120222.094039.0230.wav "CEB_Iso_NamesFem.txt" "Sandra"
9734.120222.094039.0231.wav "CEB_Iso_NamesFem.txt" "Elaine"
9734.120222.094039.0232.wav "CEB_Iso_NamesFem.txt" "Josephine"
9734.120222.094039.0233.wav "CEB_Iso_NamesFem.txt" "Ericka"
9734.120222.094039.0234.wav "CEB_Iso_NamesFem.txt" "Jinky"
9734.120222.094039.0235.wav "CEB_Iso_NamesFem.txt" "Jasmin"
9734.120222.094039.0236.wav "CEB_Iso_NamesFem.txt" "Camille"
9734.120222.094039.0237.wav "CEB_Iso_NamesFem.txt" "Patricia"
9734.120222.094039.0238.wav "CEB_Iso_NamesFem.txt" "Patricia"
9734.120222.094039.0239.wav "CEB_Iso_NamesFem.txt" "Katrina"
9734.120222.094039.0240.wav "CEB_Iso_NamesFem.txt" "Isabel"
9734.120222.094039.0241.wav "CEB_Iso_NamesFem.txt" "Katrina"
9734.120222.094039.0242.wav "CEB_Iso_NamesFem.txt" "Jasmin"
9734.120222.094039.0243.wav "CEB_Iso_NamesFem.txt" "Manang"
9734.120222.094039.0244.wav "CEB_Iso_NamesMale.txt" "Emil"
9734.120222.094039.0245.wav "CEB_Iso_NamesMale.txt" "Anthony"
9734.120222.094039.0246.wav "CEB_Iso_NamesMale.txt" "Sean"
9734.120222.094039.0247.wav "CEB_Iso_NamesMale.txt" "Noah"
9734.120222.094039.0248.wav "CEB_Iso_NamesMale.txt" "Matthew"
9734.120222.094039.0249.wav "CEB_Iso_NamesMale.txt" "JC"
9734.120222.094039.0250.wav "CEB_Iso_NamesMale.txt" "Dante"
9734.120222.094039.0251.wav "CEB_Iso_NamesMale.txt" "Michael"
9734.120222.094039.0252.wav "CEB_Iso_NamesMale.txt" "Rafael"
9734.120222.094039.0253.wav "CEB_Iso_NamesMale.txt" "Elmer"
9734.120222.094039.0254.wav "CEB_Iso_NamesMale.txt" "Jayson"
9734.120222.094039.0255.wav "CEB_Iso_NamesMale.txt" "Arnel"
9734.120222.094039.0256.wav "CEB_Iso_NamesMale.txt" "Sherwin"
9734.120222.094039.0257.wav "CEB_Iso_NamesMale.txt" "Lito"
9734.120222.094039.0258.wav "CEB_Iso_NamesMale.txt" "Roy"
9734.120222.094039.0259.wav "CEB_Iso_NamesMale.txt" "Ariel"
9734.120222.094039.0260.wav "CEB_Iso_NamesMale.txt" "Ryan"
9734.120222.094039.0261.wav "CEB_Iso_NamesMale.txt" "Erwin"
9734.120222.094039.0262.wav "CEB_Iso_NamesMale.txt" "Phil"
9734.120222.094039.0263.wav "CEB_Iso_NamesMale.txt" "Mark Anthony"
9734.120222.094039.0264.wav "CEB_Iso_NamesMale.txt" "Ralph"
9734.120222.094039.0265.wav "CEB_Iso_NamesMale.txt" "Christopher"
9734.120222.094039.0266.wav "CEB_Iso_NamesMale.txt" "Christian"
9734.120222.094039.0267.wav "CEB_Iso_NamesMale.txt" "Victor"
9734.120222.094039.0268.wav "CEB_Iso_Surnames_Countries.txt" "Mendoza "
9734.120222.094039.0269.wav "CEB_Iso_Surnames_Countries.txt" "Aprika"
9734.120222.094039.0270.wav "CEB_Iso_Surnames_Countries.txt" "Del Rosario"
9734.120222.094039.0271.wav "CEB_Iso_Surnames_Countries.txt" "De Guzman"
9734.120222.094039.0272.wav "CEB_Iso_Surnames_Countries.txt" "Dela Rosa"
9734.120222.094039.0273.wav "CEB_Iso_Surnames_Countries.txt" "Tsina"
9734.120222.094039.0274.wav "CEB_Iso_Surnames_Countries.txt" "Aquino "
9734.120222.094039.0275.wav "CEB_Iso_Surnames_Countries.txt" "Aquino "
9734.120222.094039.0276.wav "CEB_Iso_Surnames_Countries.txt" "Dela Cruz"
9734.120222.094039.0277.wav "CEB_Iso_Surnames_Countries.txt" "Tsina"
9734.120222.094039.0278.wav "CEB_Iso_Surnames_Countries.txt" "Villanueva "
9734.120222.094039.0279.wav "CEB_Iso_Surnames_Countries.txt" "Montalbo"
9734.120222.094039.0282.wav "CEB_Iso_Ordinal.txt" "ikatatlumpu't pitong"
9734.120222.094039.0283.wav "CEB_Iso_Ordinal.txt" "ika-triénta-nuébe"
9734.120222.094039.0284.wav "CEB_Iso_Ordinal.txt" "ikanapúlò"
9734.120222.094039.0285.wav "CEB_Iso_Ordinal.txt" "ikabiente-dos"
9734.120222.094039.0286.wav "CEB_Iso_Ordinal.txt" "ikasiyám"
9734.120222.094039.0287.wav "CEB_Iso_Ordinal.txt" "ikawaló"
9734.120222.094039.0288.wav "CEB_Iso_Ordinal.txt" "ikatrése		"
9734.120222.094039.0289.wav "CEB_Iso_Ordinal.txt" "ikaónse"
9734.120222.094039.0291.wav "CEB_Iso_Ordinal.txt" "ikadisisaís"
9734.120222.094039.0292.wav "CEB_Iso_Ordinal.txt" "ika-triénta-síngko"
9734.120222.094039.0293.wav "CEB_Iso_Ordinal.txt" "ikatatlumpu't tatlong"
9734.120222.094039.0294.wav "CEB_Iso_Ordinal.txt" "ikadisiótso"
9734.120222.094039.0295.wav "CEB_Iso_Ordinal.txt" "ikanubénta"
9734.120222.094039.0298.wav "CEB_Iso_Ordinal.txt" "ikasiténta"
9734.120222.094039.0299.wav "CEB_Iso_Ordinal.txt" "ikatuló"
9734.120222.094039.0300.wav "CEB_Iso_Ordinal.txt" "ikatórse"
9734.120222.094039.0301.wav "CEB_Iso_Ordinal.txt" "ikabiente-síngko"
9734.120222.094039.0302.wav "CEB_Iso_Ordinal.txt" "ikatatlumpu't walong"
9734.120222.094039.0303.wav "CEB_Iso_Time.txt" "Pibréro"
9734.120222.094039.0304.wav "CEB_Iso_Time.txt" "panahón"
9734.120222.094039.0305.wav "CEB_Iso_Time.txt" "Húnyo"
9734.120222.094039.0306.wav "CEB_Iso_Time.txt" "túig nga"
9734.120222.094039.0307.wav "CEB_Iso_Time.txt" "dihâdihâ"
9734.120222.094039.0308.wav "CEB_Iso_Time.txt" "matág panahón"
9734.120222.094039.0309.wav "CEB_Iso_Time.txt" "mas dághan"
9734.120222.094039.0310.wav "CEB_Iso_Time.txt" "dekáda nga"
9734.120222.094039.0311.wav "CEB_Iso_Time.txt" "duha ka adlaw gikan karon"
9734.120222.094039.0312.wav "CEB_Iso_Time.txt" "banágbánag"
9734.120222.094039.0313.wav "CEB_Iso_Time.txt" "Hwébes"
9734.120222.094039.0314.wav "CEB_Iso_Time.txt" "úgmà"
9734.120222.094039.0316.wav "CEB_Iso_Time.txt" "katapusán"
9734.120222.094039.0317.wav "CEB_Iso_Time.txt" "dílì pa dúgay"
9734.120222.094039.0318.wav "CEB_Iso_Time.txt" "banágbánag"
9734.120222.094039.0319.wav "CEB_Iso_Time.txt" "kilúmkílum"
9734.120222.094039.0321.wav "CEB_Iso_Time.txt" "Sábadó"
9734.120222.094039.0322.wav "CEB_Iso_Time.txt" "duha ka adlaw gikan karon"
9734.120222.094039.0324.wav "CEB_Iso_Time.txt" "sagúnson"
9734.120222.094039.0325.wav "CEB_Iso_Time.txt" "trénta"
9734.120222.094039.0326.wav "CEB_Iso_Time.txt" "pagkahumán"
9734.120222.094039.0327.wav "CEB_Iso_Time.txt" "sa úna"
9734.120222.094039.0328.wav "CEB_Iso_Time.txt" "kilúmkílum"
9734.120222.094039.0329.wav "CEB_Iso_Time.txt" "káda segúndo"
9734.120222.094039.0330.wav "CEB_Iso_Time.txt" "usa ka adlaw sukád gahápon"
9734.120222.094039.0331.wav "CEB_Iso_Time.txt" "kanúnay"
9734.120222.094039.0332.wav "CEB_Iso_Time.txt" "kanús-a lang"
9734.120222.094039.0333.wav "CEB_Iso_Time.txt" "panahón"
9734.120222.094039.0334.wav "CEB_Iso_Time.txt" "duha ka adlaw gikan karon"
9734.120222.094039.0335.wav "CEB_Iso_Time.txt" "Domínggo"
9734.120222.094039.0336.wav "CEB_Iso_Time.txt" "madálì"
9734.120222.094039.0337.wav "CEB_Iso_Time.txt" "gabí-i nga"
9734.120222.094039.0338.wav "CEB_Iso_Weather.txt" "madag-úmon"
9734.120222.094039.0339.wav "CEB_Iso_Weather.txt" "háyag"
9734.120222.094039.0340.wav "CEB_Iso_Weather.txt" "nyébe"
9734.120222.094039.0341.wav "CEB_Iso_Weather.txt" "buháwì			"
9734.120222.094039.0342.wav "CEB_Iso_Weather.txt" "kahumóg"
9734.120222.094039.0343.wav "CEB_Iso_Weather.txt" "tingpamúlak"
9734.120222.094039.0344.wav "CEB_Iso_Weather.txt" "túgnaw"
9734.120222.094039.0345.wav "CEB_Iso_Weather.txt" "umóg"
9734.120222.094039.0346.wav "CEB_Iso_Weather.txt" "unós"
9734.120222.094039.0347.wav "CEB_Iso_Weather.txt" "ínit"
9734.120222.094039.0348.wav "CEB_Iso_Weather.txt" "magápnod"
9734.120222.094039.0349.wav "CEB_Iso_Weather.txt" "La Niña"
9734.120222.094039.0350.wav "CEB_Iso_Weather.txt" "yélo"
9734.120222.094039.0351.wav "CEB_Iso_Weather.txt" "El Niño"
9734.120222.094039.0352.wav "CEB_Utt_CommonExpressions.txt" "Únsa ang átong pagkáon karón?"
9734.120222.094039.0353.wav "CEB_Utt_CommonExpressions.txt" "Maáyong hápon kanínyo."
9734.120222.094039.0355.wav "CEB_Utt_CommonExpressions.txt" "Dághan ka bang himúon?"
9734.120222.094039.0358.wav "CEB_Utt_CommonExpressions.txt" "Únsa ang átong pagkáon karón?"
9734.120222.094039.0359.wav "CEB_Utt_CommonExpressions.txt" "Mahál ka nákò. / Gihigúgma ka nákò."
9734.120222.094039.0360.wav "CEB_Utt_CommonExpressions.txt" "Mahál ka nákò. / Gihigúgma ka nákò."
9734.120222.094039.0361.wav "CEB_Utt_CommonExpressions.txt" "﻿Ayáw na págtagád."
9734.120222.094039.0362.wav "CEB_Utt_CommonExpressions.txt" "Únsa ang ínyong pangálan?"
9734.120222.094039.0363.wav "CEB_Utt_CommonExpressions.txt" "Unsang pangalan sa asawa ni Dodong Leo?"
9734.120222.094039.0364.wav "CEB_Utt_CommonExpressions.txt" "Malipáyung kaadláwan kanínyo."
9734.120222.094039.0365.wav "CEB_Utt_CommonExpressions.txt" "Pilá ka túig na kamó?"
9734.120222.094039.0366.wav "CEB_Utt_CommonExpressions.txt" "Mahál ka nákò. / Gihigúgma ka nákò."
9734.120222.094039.0367.wav "CEB_Utt_CommonExpressions.txt" "Ása ang terminál sa bus?"
9734.120222.094039.0371.wav "CEB_Utt_CommonExpressions.txt" "Mahál ba nímo ko? / Gihigúgma ba nímo ko?"
9734.120222.094039.0374.wav "CEB_Utt_CommonExpressions.txt" "Gipakaon ni Inday Fe ang iyang inahan."
9734.120222.094039.0375.wav "CEB_Utt_CommonExpressions.txt" "Si Úndò Lino ang kamanghúran sa ámong pamílya."
9734.120222.094039.0376.wav "CEB_Utt_CommonExpressions.txt" "﻿Ayáw na págtagád."
9734.120222.094039.0377.wav "CEB_Utt_CommonExpressions.txt" "Malipáyung pagbátì kanínyo."
9734.120222.094039.0378.wav "CEB_Utt_Greetings.txt" "Hángtud sa ótrong pagkítà."
9734.120222.094039.0379.wav "CEB_Utt_Greetings.txt" "Malipáyong Pásko."
9734.120222.094039.0380.wav "CEB_Utt_Greetings.txt" "Maayung buntag."
9734.120222.094039.0382.wav "CEB_Utt_Greetings.txt" "Dawáta ang ámong pahisubô."
9734.120222.094039.0383.wav "CEB_Utt_Greetings.txt" "Kumusta sila?"
9734.120222.094039.0384.wav "CEB_Utt_Greetings.txt" "Kumusta sila?"
9734.120222.094039.0385.wav "CEB_Utt_Greetings.txt" "Kumusta?"
9734.120222.094039.0386.wav "CEB_Utt_Greetings.txt" "Pag-ámping kamó."
9734.120222.094039.0387.wav "CEB_Utt_Greetings.txt" "Mangáyò ko ug pasáylo kanínyo."
9734.120222.094039.0388.wav "CEB_Utt_Greetings.txt" "Mamalíhog ko kanínyo."
9734.120222.094039.0389.wav "CEB_Utt_Greetings.txt" "Dayun kamo."
9734.120222.094039.0391.wav "CEB_Utt_Greetings.txt" "Maayung hapon."
9734.120222.094039.0392.wav "CEB_Utt_Greetings.txt" "Dayun kamo."
9734.120222.094039.0393.wav "CEB_Utt_Greetings.txt" "Maayo man."
9734.120222.094039.0394.wav "CEB_Utt_Greetings.txt" "Malipáyong Pásko."
9734.120222.094039.0396.wav "CEB_Utt_Greetings.txt" "Ikadásig ko kamóng makaúban."
9734.120222.094039.0398.wav "CEB_Utt_Interrogatives.txt" "Anáa ka'y sakít, dílì ba?"
9734.120222.094039.0400.wav "CEB_Utt_Interrogatives.txt" "Kanús-a magkítà sa baláy silá ni Ronald?"
9734.120222.094039.0401.wav "CEB_Utt_Interrogatives.txt" "Únsa-únsa ang palitón ni Michael sa merkádo?"
9734.120222.094039.0402.wav "CEB_Utt_Interrogatives.txt" "Kinsa ang ímong kaúban?"
9734.120222.094039.0403.wav "CEB_Utt_Interrogatives.txt" "Kanús-a siyá molakáw?"
9734.120222.094039.0404.wav "CEB_Utt_Interrogatives.txt" "Dílì ba anáa ka'y sakít?"
9734.120222.094039.0405.wav "CEB_Utt_Interrogatives.txt" "Estudyánte ba siya?"
9734.120222.094039.0406.wav "CEB_Utt_Interrogatives.txt" "Kínsa-kínsa ang ímong tawágon?"
9734.120222.094039.0407.wav "CEB_Utt_Interrogatives.txt" "Siyá ba ang nikáon sa mángga?"
9734.120222.094039.0408.wav "CEB_Utt_Interrogatives.txt" "Kínsa-kínsa ang ímong tawágon?"
9734.120222.094039.0410.wav "CEB_Utt_Interrogatives.txt" "Pilá ang motámbong sa tígum?"
9734.120222.094039.0411.wav "CEB_Utt_Interrogatives.txt" "Motúgtog si Francisco, dílì ba?"
9734.120222.094039.0412.wav "CEB_Utt_Interrogatives.txt" "Walâ siyá moabút, únsa?"
9734.120222.094039.0413.wav "CEB_Utt_Interrogatives.txt" "Ngánong nagtuún ka pa?"
9734.120222.094039.0415.wav "CEB_Utt_Interrogatives.txt" "Doktór na si James, dílì ba?"
9734.120222.094039.0417.wav "CEB_Utt_KuwentoHunsoy.txt" "Nahinumdom siya nga sa dayon na niyang gipong sa kalayo, iya man diay, ug sa unom ka silingan, nga turno sa pag-amot og pamahaw sa mga sundalo."
9734.120222.094039.0421.wav "CEB_Utt_KuwentoHunsoy.txt" "Nagaum-om sa hunsoy nga walay sungsong gawas sa agiw nga gihasok sa ilalom, iyang gitutokan ang siga nga nagdilaab ug nagpanilap."
9734.120222.094039.0424.wav "CEB_Utt_KuwentoHunsoy.txt" "“Mangaon ta ninyo,” mikilo ang sarhento sa tulo ka boluntaryo ug milingi ngadto kang Malta."
9734.120222.094039.0427.wav "CEB_Utt_KuwentoHunsoy.txt" "Naandan na nila ang mga sinagol-sagol nga utan—kamunggay, tinagod-tagod nga nangka ug puso sa saging, galay sa kamoteng bagon, kinilaw nga kapayas—nga ilang sulaan sa linugit nga lubi."
9734.120222.094039.0428.wav "CEB_Utt_KuwentoHunsoy.txt" "“Nang,” misangpit ang usa ka sundalo nga namilot sa iyang purol nga maong."
9734.120222.094039.0429.wav "CEB_Utt_KuwentoPahigmata.txt" "Sa pikas daplin sa among tuo nagbaybay ang unang tudling ug mikatap bangtud sa ngilit sa pangpang ang halapad kamagayan nga kanunayng pagagsahan sa mga anak ni Mingo-Julia."
9734.120222.094039.0434.wav "CEB_Utt_KuwentoPahigmata.txt" "Si Simon namulong ra ba no nga guroyon niya ang kabaw nga abutan sa iyang magayan ug dad-on sa tinente, ug ikiha ang tag-iya.”"
9734.120222.094039.0441.wav "CEB_Utt_KuwentoPahigmata.txt" "Wala ko himatngoni tungod sa kakalit, milagubo ang bukobuko ni Tekya gumikan sa makusog sumbag ni Diyak Arsenio nga mikawat lamang diay pagtindog ug unya midagan subay sa baybay sa unang tudling sa kamagayan ni Simon-Amon."
9734.120222.094039.0442.wav "CEB_Utt_KuwentoPahigmata.txt" "“Mangawat tag siriguylas sa ilang Gavino."
9734.120222.094039.0443.wav "CEB_Utt_Medical.txt" "Húnong na sa pag-inóm ug álak."
9734.120222.094039.0444.wav "CEB_Utt_Medical.txt" "Matámbal pa ba kadtó, Dok?"
9734.120222.094039.0445.wav "CEB_Utt_Medical.txt" "Maáyong búntag, Doktór."
9734.120222.094039.0446.wav "CEB_Utt_Medical.txt" "Únsang maáyong támbal niíni?"
9734.120222.094039.0447.wav "CEB_Utt_Medical.txt" "Pilá ka ádlaw na siyá naghilánat?"
9734.120222.094039.0448.wav "CEB_Utt_Medical.txt" "Pilá ka ádlaw na siyá naghilánat?"
9734.120222.094039.0449.wav "CEB_Utt_Medical.txt" "Balík mo paghumán sa usá ka semána."
9734.120222.094039.0450.wav "CEB_Utt_Medical.txt" "Maáyong gabí-i, Dok."
9734.120222.094039.0451.wav "CEB_Utt_Medical.txt" "Mahímong mosamót kanâ kun dílì madalián."
9734.120222.094039.0452.wav "CEB_Utt_Medical.txt" "Aná-a ka ba'y paryénte nga parého ang sakít?"
9734.120222.094039.0453.wav "CEB_Utt_Medical.txt" "Moinúm ka'g dághang túbig."
9734.120222.094039.0455.wav "CEB_Utt_Medical.txt" "Múra'g nigrábe ang ákong sakít."
9734.120222.094039.0456.wav "CEB_Utt_Medical.txt" "Únsang maáyong támbal niánà?"
9734.120222.094039.0458.wav "CEB_Utt_Medical.txt" "Dílì na siyá makaginháwa ug maáyo."
9734.120222.094039.0459.wav "CEB_Utt_Medical.txt" "Maáyong hápon."
9734.120222.094039.0460.wav "CEB_Utt_Medical.txt" "Dílì na kamó mágka-anák."
9734.120222.094039.0461.wav "CEB_Utt_Medical.txt" "Pilá ka ádlaw na siyá naghilánat?"
9734.120222.094039.0462.wav "CEB_Utt_Medical.txt" "Húnong na sa pag-inóm ug álak."
9734.120222.094039.0464.wav "CEB_Utt_Medical.txt" "Aná-a ka ba'y paryénte nga parého ang sakít?"
9734.120222.094039.0466.wav "CEB_Utt_Medical.txt" "Walâ akó motámbok bísan únsa nákong káon."
9734.120222.094039.0467.wav "CEB_Utt_Medical.txt" "Maáyong búntag, Doktór."
9734.120222.094039.0470.wav "CEB_Utt_Medical.txt" "Ihúnong na ang ímong panigarílyo."
9734.120222.094039.0473.wav "CEB_Utt_News.txt" "Unang mideklarar og tulis ang mga suspetsado apan nidumili sa paghatag ang biktima ug nakig-away pa kini hinungdan nga deretso kining gipusil hinungdan sa pagkaigo sa tiyan nga bahin niini."
9734.120222.094039.0475.wav "CEB_Utt_News.txt" "Naluoy si Villarin, ilang gipasakay si Rivera, apan dihang gipakanaog sa nataran sa ilang balay, giingong nasuko kini ug di na gustong manaog."
9734.120222.094039.0477.wav "CEB_Utt_News.txt" "Ang biktima mao si Alfredo Saberon Jr., 32, nagpuyo sa St. Mark, Crossing Bayabas, samtang ang suspetsado mao si Bobong Felton, hamtong ang pangidaron ug nagpuyo sa Barangay Alambre, Toril."
9734.120222.094039.0480.wav "CEB_Utt_News.txt" "Atol sa operation si Ligan nakadagan human nakabantay nga adunay kasikas sa gawas sa dihang miabot ang mga pulis samtang wa usab nasikop si Tabada tungod kay wa atol sa hitabo."
9734.120222.094039.0484.wav "CEB_Utt_News.txt" "Wa usab isalikway sa kapulisan nga ang driver maoy tuyo sa mga gunman hinungdan nga lakip kini sa ilang gisusi."
9734.120222.094039.0489.wav "CEB_Utt_News.txt" "Giduso sa Northern Mindanao Medical Center ning siyudad sa Cagayan de Oro ang mga biktima nga mao sila si Kennen Granada, 21, Nicolas Agot, 27 ug Ronald Alab, 28, mga molupyo sa susamang siyudad."
9734.120222.094039.0490.wav "CEB_Utt_News.txt" "Matud ni Reyes nga ang maong grupo nakabasi sa Luzon."
9734.120222.094039.0491.wav "CEB_Utt_News.txt" "Gani ang mga residente sa dapit nga maoy nangayo og tabang sa kapolisan dihang nadungog ang kusog nga buto maoy nidala sa biktima sa JR borja Memorial Hospital apan giduso sa Northern Mindanao Medical Center ( NMMC ). Kagahapon mga alas 2:45 sa kadlawon nakabsan sa iyang kinabuhi sulod sa emergency room sa NMMC si Calsa tungod sa igo sa ulo nga naangkon."
9734.120222.094039.0493.wav "CEB_Utt_News.txt" "Usa sa mga gitutokan karon sa kapulisan mao ang love triangle kay ang biktima dunay kapuyo nga langyaw."
9734.120222.094039.0495.wav "CEB_Utt_News.txt" "Ilang nahibaw-an nga ang biktima dunay gipusil niadtong miaging buwan nga nagpa-blotter sa police station apan wa mosang-at og reklamo."
9734.120222.094039.0496.wav "CEB_Utt_Salawikain.txt" "Buháton mo sa isígka tawo ang gústo nimong buháton niyá sa ímo."
9734.120222.094039.0499.wav "CEB_Utt_Salawikain.txt" "Ang bukóg nga gitángag sa irô, waláy sálà nga nalawáyan."
9734.120222.094039.0500.wav "CEB_Utt_Salawikain.txt" "Buháton mo sa isígka tawo ang gústo nimong buháton niyá sa ímo."
9734.120222.094039.0503.wav "CEB_Utt_Salawikain.txt" "Waláy lisúd nga búhat kun ipaági sa paningkámot. "
9734.120222.094039.0504.wav "CEB_Utt_Salawikain.txt" "Magtíaw lámang sa hubóg, ayáw lang sa bág-ong matá."
9734.120222.094039.0505.wav "CEB_Utt_Salawikain.txt" "Waláy kápoy magtígum, waláy úsik maglábay."
9734.120222.094039.0506.wav "CEB_Utt_Salawikain.txt" "Nawawala ang ari, nguni't ang uri ay hindi."
9734.120222.094039.0508.wav "CEB_Utt_Salawikain.txt" "Ang hinímo sa pagkabátà, dalá hángtud pagtiguláng. "
9734.120222.094039.0510.wav "CEB_Utt_Salawikain.txt" "Kun únsa ang hitaás sa bantúgan,  maó pud ang lagapúk kun madám-ag. "
9734.120222.094039.0512.wav "CEB_Utt_Salawikain.txt" "Dali mokáwhat ug búnga kun moági ka sa sangá."
9734.120222.094039.0513.wav "CEB_Utt_Salawikain.txt" "Kunwaring matapang, bagkus duwag naman."
9734.120222.094039.0514.wav "CEB_Utt_Salawikain.txt" "Kun únsa ang itanúm, maó pud ang aníhun."
9734.120222.094039.0516.wav "CEB_Utt_Salawikain.txt" "Kun ang sapâ mahílum, timán-i nga malálum. Kun ang sapâ sábà, timán-i nga babáw."
9734.120222.094039.0517.wav "CEB_Utt_Salawikain.txt" "Dílì tanáng kapaitón timáan sa kadaután."
9734.120222.094039.0518.wav "CEB_Utt_Salawikain.txt" "Waláy lisúd nga búhat kun ipaági sa paningkámot. "
9734.120222.094039.0520.wav "CEB_Utt_TulaBinilanggo.txt" "Nga dili pagkutluon... ikaw ba may kahasul,"
9734.120222.094039.0521.wav "CEB_Utt_TulaBinilanggo.txt" "Nga ikaw, sama kanako, gihiktan sa imong kaibug,"
9734.120222.094039.0522.wav "CEB_Utt_TulaBinilanggo.txt" "Sa alaut binilanggo. Katuigan siya maghago,"
9734.120222.094039.0523.wav "CEB_Utt_TulaBinilanggo.txt" "Binilanggo"
9734.120222.094039.0524.wav "CEB_Utt_TulaBinilanggo.txt" "Gihigugma ko ang bulak,"
9734.120222.094039.0526.wav "CEB_Utt_TulaBinilanggo.txt" "Sa lunhaw nga pungango. Kon imo lang siya hagkan,"
9734.120222.094039.0527.wav "CEB_Utt_TulaBinilanggo.txt" "Paghigugma kanimo"
9734.120222.094039.0528.wav "CEB_Utt_TulaBsDsD.txt" "Nag-inusara ug way kapuslanan,"
9734.120222.094039.0529.wav "CEB_Utt_TulaBsDsD.txt" "Nakita ko ang gamut nagalubid"
9734.120222.094039.0530.wav "CEB_Utt_TulaBsDsD.txt" "Nasayran ko, di ang tanan may katapusan."
9734.120222.094039.0531.wav "CEB_Utt_TulaBsDsD.txt" "Nasayran ko, di ang tanan may katapusan."
9734.120222.094039.0533.wav "CEB_Utt_TulaBsDsD.txt" "Matag adlaw ako gikulbaan nga dili madugay"
9734.120222.094039.0534.wav "CEB_Utt_TulaBsDsD.txt" "Sa daku ug samok nga dalan."
9734.120222.094039.0535.wav "CEB_Utt_TulaBsDsD.txt" "Ug dili, dili gayud mahulog, makadkad."
9734.120222.094039.0536.wav "CEB_Utt_TulaBsDsD.txt" "Ug dili, dili gayud mahulog, makadkad."
9734.120222.094039.0540.wav "CEB_Utt_SurigaoShib1.txt" "Maradjaw na adlaw. (Good Morning)"
9734.120222.094039.0544.wav "CEB_Utt_SurigaoShib2.txt" "Mupanaw ko sa bayay. (I'm leaving home - Paalis ako ng bahay)"
9734.120222.094039.0543.wav "CEB_Utt_SurigaoShib3.txt" "Mangita kog salida. (I will watch a movie. Manonood ako ng Sine)"
9734.120222.094039.0547.wav "CEB_Utt_CebCityShib1.txt" "Mulabang ko sa dan. (I'm crossing the street)"
9734.120222.094039.0548.wav "CEB_Utt_CebCityShib2.txt" "Mupanaw ko sa bayay. (I'm leaving home - Paalis ako ng bahay)"
9734.120222.094039.0549.wav "CEB_Utt_CebCityShib1.txt" "Mulabang ko sa dan. (I'm crossing the street)"
9734.120222.094039.0550.wav "CEB_Utt_BoholShib1.txt" "Silaw kaayo ang adlaw (maliwanag ang araw) "
9734.120222.094039.0551.wav "TGL_Utt_ManilaShib1.txt" "Kumakain ako ng mangga. "
9734.120222.094039.0552.wav "CEB_Utt_EngShib1.txt" "﻿She had your dark suit in greasy wash water all year."
9734.120222.094039.0553.wav "CEB_Utt_EngShib2.txt" "﻿Don't ask me to carry an oily rag like that."
9734.120222.094039.0555.wav "Random Digit" "50"
9734.120222.094039.0556.wav "Random Digit" "49"
9734.120222.094039.0557.wav "Random Digit" "18"
9734.120222.094039.0558.wav "Random Digit" "58"
9734.120222.094039.0559.wav "Random Digit" "72"
9734.120222.094039.0561.wav "Random Digit" "4"
9734.120222.094039.0562.wav "Random Digit" "73"
9734.120222.094039.0563.wav "Random Digit" "82"
9734.120222.094039.0564.wav "Random Digit" "98"
9734.120222.094039.0565.wav "Random Digit" "23"
9734.120222.094039.0567.wav "CEB-TGL_Spontaneous1.txt" "Isugílon kanámò ang ímong pang-ádlaw- ádlaw nga búhat. Mga sakyanán padúlong sa trabáho o eswelahán, mga pangadtóan, ug láin pa. Hisgúti ang tanáng mahunâhunâ mo sa ímong pang-ádlaw- ádlaw nga káagi.  (Ikuwento sa amin ang iyong pang-araw-araw na gawain.  Mga sinasakyan patungo sa trabaho o paaralan, mga lakarin, at iba pa. Banggitin lahat ng maiisip mo sa iyong pang-araw-araw na karanasan.)"
9734.120222.094039.0569.wav "CEB-TGL_Spontaneous2.txt" "Únsang trabahúa ang mas pilíon nímo: taás nga swéldo apán dílì mo gústo ang trabáho, o trabáhong gústo kaáyo nímo apán gamáy ra kaáyo ang swéldo? Ngáno? (Anong trabaho ang mas pipiliin mo: mataas na suweldo pero hindi mo gusto ang trabaho, o trabahong gustong-gusto mo pero sobrang baba ng sahod? Bakit?)"
9734.120222.094039.0571.wav "CEB-TGL_Spontaneous3.txt" "Únsa man ang mas pilíon nímo, mogawás aron manihápon o maglútò na lang sa baláy? Isáysay ang tubág. (Anong mas pipiliin mo, lumabas para maghapunan o magluto na lang sa bahay? Ipaliwanag ang sagot.)"
